<?xml version="1.0" encoding="UTF-8"?>
<testng-results ignored="0" total="1" passed="1" failed="0" skipped="0">
  <reporter-output>
  </reporter-output>
  <suite started-at="2021-09-01T20:49:06 EDT" name="Default suite" finished-at="2021-09-01T20:49:21 EDT" duration-ms="14597">
    <groups>
    </groups>
    <test started-at="2021-09-01T20:49:06 EDT" name="Default test" finished-at="2021-09-01T20:49:21 EDT" duration-ms="14597">
      <class name="lec29_java_selenium.B_use_of_get_method">
        <test-method is-config="true" signature="setUp()[pri:0, instance:lec29_java_selenium.B_use_of_get_method@475e586c]" started-at="2021-09-01T20:49:07 EDT" name="setUp" finished-at="2021-09-01T20:49:21 EDT" duration-ms="14069" status="PASS">
          <reporter-output>
          </reporter-output>
        </test-method> <!-- setUp -->
        <test-method signature="loginButtonTest()[pri:0, instance:lec29_java_selenium.B_use_of_get_method@475e586c]" started-at="2021-09-01T20:49:21 EDT" name="loginButtonTest" finished-at="2021-09-01T20:49:21 EDT" duration-ms="136" status="PASS">
          <reporter-output>
          </reporter-output>
        </test-method> <!-- loginButtonTest -->
        <test-method is-config="true" signature="tearUp()[pri:0, instance:lec29_java_selenium.B_use_of_get_method@475e586c]" started-at="2021-09-01T20:49:21 EDT" name="tearUp" finished-at="2021-09-01T20:49:21 EDT" duration-ms="299" status="PASS">
          <reporter-output>
          </reporter-output>
        </test-method> <!-- tearUp -->
      </class> <!-- lec29_java_selenium.B_use_of_get_method -->
    </test> <!-- Default test -->
  </suite> <!-- Default suite -->
</testng-results>
